0 info it worked if it ends with ok
1 verbose cli [ 'd:\\Program Files\\nodejs\\node.exe',
1 verbose cli   'd:\\Program Files\\nodejs\\node_modules\\npm\\bin\\npm-cli.js',
1 verbose cli   'v' ]
2 info using npm@2.3.0
3 info using node@v0.11.4
4 verbose stack Error: Invalid package.json
4 verbose stack     at d:\Program Files\nodejs\node_modules\npm\lib\view.js:79:30
4 verbose stack     at d:\Program Files\nodejs\node_modules\npm\node_modules\read-package-json\read-json.js:51:40
4 verbose stack     at final (d:\Program Files\nodejs\node_modules\npm\node_modules\read-package-json\read-json.js:349:17)
4 verbose stack     at then (d:\Program Files\nodejs\node_modules\npm\node_modules\read-package-json\read-json.js:126:33)
4 verbose stack     at d:\Program Files\nodejs\node_modules\npm\node_modules\read-package-json\read-json.js:266:40
4 verbose stack     at evalmachine.<anonymous>:253:14
4 verbose stack     at d:\Program Files\nodejs\node_modules\npm\node_modules\graceful-fs\graceful-fs.js:102:5
4 verbose stack     at Object.oncomplete (evalmachine.<anonymous>:94:15)
5 verbose cwd e:\JavaScript\tsth
6 error Windows_NT 6.1.7601
7 error argv "d:\\Program Files\\nodejs\\node.exe" "d:\\Program Files\\nodejs\\node_modules\\npm\\bin\\npm-cli.js" "v"
8 error node v0.11.4
9 error npm  v2.3.0
10 error Invalid package.json
11 error If you need help, you may report this error at:
11 error     <http://github.com/npm/npm/issues>
12 verbose exit [ 1, true ]
